{"name": "SQL Injection Attempt", "status": "failed", "statusDetails": {"message": "AssertionError: assert False", "trace": "self = <testcases.test_login.Test_001_Login object at 0x107d6e9f0>\n\n    @allure.title(\"SQL Injection Attempt\")\n    @allure.severity(allure.severity_level.NORMAL)\n    def test_sql_injection_attempt(self):\n        self.logger.info(\"********** Testing SQL Injection Prevention **********\")\n        self.lp = LoginPage(self.driver)\n        try:\n            sql_injection = \"' OR '1'='1\"\n>           self.lp.login(sql_injection, sql_injection)\n\ntestcases/test_login.py:93: \n_ _ _ _ _ _ _ _ _ _ _ _ _ _ _ _ _ _ _ _ _ _ _ _ _ _ _ _ _ _ _ _ _ _ _ _ _ _ _ _ _ _ _ _ _ _ _ _ _ _ _ _ _ _ _ _ _ _ _ _ _ _ _ _ _ _ _ _ _ _ _ _ _ _\npageobjects/LoginPage.py:43: in login\n    self.enter_username(username)\npageobjects/LoginPage.py:19: in enter_username\n    WebDriverWait(self.driver, 10).until(\n_ _ _ _ _ _ _ _ _ _ _ _ _ _ _ _ _ _ _ _ _ _ _ _ _ _ _ _ _ _ _ _ _ _ _ _ _ _ _ _ _ _ _ _ _ _ _ _ _ _ _ _ _ _ _ _ _ _ _ _ _ _ _ _ _ _ _ _ _ _ _ _ _ _\n\nself = <selenium.webdriver.support.wait.WebDriverWait (session=\"61f5123fbceab593d6b2012bf826cd5c\")>\nmethod = <function presence_of_element_located.<locals>._predicate at 0x107f2bce0>, message = ''\n\n    def until(self, method: Callable[[D], Union[Literal[False], T]], message: str = \"\") -> T:\n        \"\"\"Wait until the method returns a value that is not False.\n    \n        Calls the method provided with the driver as an argument until the\n        return value does not evaluate to ``False``.\n    \n        Parameters:\n        -----------\n        method: callable(WebDriver)\n            - A callable object that takes a WebDriver instance as an argument.\n    \n        message: str\n            - Optional message for :exc:`TimeoutException`\n    \n        Return:\n        -------\n        object: T\n            - The result of the last call to `method`\n    \n        Raises:\n        -------\n        TimeoutException\n            - If 'method' does not return a truthy value within the WebDriverWait\n            object's timeout\n    \n        Example:\n        --------\n        >>> from selenium.webdriver.common.by import By\n        >>> from selenium.webdriver.support.ui import WebDriverWait\n        >>> from selenium.webdriver.support import expected_conditions as EC\n    \n        # Wait until an element is visible on the page\n        >>> wait = WebDriverWait(driver, 10)\n        >>> element = wait.until(EC.visibility_of_element_located((By.ID, \"exampleId\")))\n        >>> print(element.text)\n        \"\"\"\n        screen = None\n        stacktrace = None\n    \n        end_time = time.monotonic() + self._timeout\n        while True:\n            try:\n                value = method(self._driver)\n                if value:\n                    return value\n            except self._ignored_exceptions as exc:\n                screen = getattr(exc, \"screen\", None)\n                stacktrace = getattr(exc, \"stacktrace\", None)\n            if time.monotonic() > end_time:\n                break\n            time.sleep(self._poll)\n>       raise TimeoutException(message, screen, stacktrace)\nE       selenium.common.exceptions.TimeoutException: Message: \nE       Stacktrace:\nE       0   chromedriver                        0x0000000100656a54 cxxbridge1$str$ptr + 2803960\nE       1   chromedriver                        0x000000010064ecf0 cxxbridge1$str$ptr + 2771860\nE       2   chromedriver                        0x000000010019a864 cxxbridge1$string$len + 93028\nE       3   chromedriver                        0x00000001001e1410 cxxbridge1$string$len + 382736\nE       4   chromedriver                        0x0000000100222480 cxxbridge1$string$len + 649088\nE       5   chromedriver                        0x00000001001d57ec cxxbridge1$string$len + 334572\nE       6   chromedriver                        0x000000010061bccc cxxbridge1$str$ptr + 2562928\nE       7   chromedriver                        0x000000010061ef98 cxxbridge1$str$ptr + 2575932\nE       8   chromedriver                        0x00000001005fc2c4 cxxbridge1$str$ptr + 2433384\nE       9   chromedriver                        0x000000010061f810 cxxbridge1$str$ptr + 2578100\nE       10  chromedriver                        0x00000001005ed2f0 cxxbridge1$str$ptr + 2371988\nE       11  chromedriver                        0x000000010063f57c cxxbridge1$str$ptr + 2708512\nE       12  chromedriver                        0x000000010063f708 cxxbridge1$str$ptr + 2708908\nE       13  chromedriver                        0x000000010064e93c cxxbridge1$str$ptr + 2770912\nE       14  libsystem_pthread.dylib             0x0000000190d59c0c _pthread_start + 136\nE       15  libsystem_pthread.dylib             0x0000000190d54b80 thread_start + 8\n\n/Library/Frameworks/Python.framework/Versions/3.13/lib/python3.13/site-packages/selenium/webdriver/support/wait.py:146: TimeoutException\n\nDuring handling of the above exception, another exception occurred:\n\nself = <testcases.test_login.Test_001_Login object at 0x107d6e9f0>\n\n    @allure.title(\"SQL Injection Attempt\")\n    @allure.severity(allure.severity_level.NORMAL)\n    def test_sql_injection_attempt(self):\n        self.logger.info(\"********** Testing SQL Injection Prevention **********\")\n        self.lp = LoginPage(self.driver)\n        try:\n            sql_injection = \"' OR '1'='1\"\n            self.lp.login(sql_injection, sql_injection)\n            assert \"dashboard\" not in self.driver.current_url.lower()\n            self.logger.info(\"SQL injection prevention test PASSED\")\n        except Exception as e:\n            self._handle_test_failure(\"sql_injection\", e)\n>           assert False\nE           assert False\n\ntestcases/test_login.py:98: AssertionError"}, "attachments": [{"name": "sql_injection_screenshot", "source": "8829b307-bd5b-42eb-964f-6e6a8169f6f4-attachment.png", "type": "image/png"}, {"name": "log", "source": "7f7ca3e8-d0ce-4b78-ad8c-0d7e38568e5e-attachment.txt", "type": "text/plain"}], "start": 1746532771407, "stop": 1746532781707, "uuid": "af940ccd-8137-4c74-b0ed-6d7ca6c4f14e", "historyId": "3f2bd5d795a91fb1ed0d60afdd2fe8ec", "testCaseId": "3f2bd5d795a91fb1ed0d60afdd2fe8ec", "fullName": "testcases.test_login.Test_001_Login#test_sql_injection_attempt", "labels": [{"name": "severity", "value": "normal"}, {"name": "tag", "value": "@pytest.mark.usefixtures('setup')"}, {"name": "parentSuite", "value": "testcases"}, {"name": "suite", "value": "test_login"}, {"name": "subSuite", "value": "Test_001_Login"}, {"name": "host", "value": "viveks-MacBook-Air-2.local"}, {"name": "thread", "value": "18905-MainThread"}, {"name": "framework", "value": "pytest"}, {"name": "language", "value": "cpython3"}, {"name": "package", "value": "testcases.test_login"}]}