{"name": "test_invalid_password", "status": "failed", "statusDetails": {"message": "AssertionError: assert False", "trace": "self = <testcases.test_login.Test_001_Login object at 0x10478b4d0>\n\n    def test_invalid_password(self):\n        self.logger.info(\"********** Testing Invalid Password Login **********\")\n        self.lp = LoginPage(self.driver)\n        try:\n>           self.lp.login(self.username, \"invalid_password\")\n\ntestcases/test_login.py:38: \n_ _ _ _ _ _ _ _ _ _ _ _ _ _ _ _ _ _ _ _ _ _ _ _ _ _ _ _ _ _ _ _ _ _ _ _ _ _ _ _ _ _ _ _ _ _ _ _ _ _ _ _ _ _ _ _ _ _ _ _ _ _ _ _ _ _ _ _ _ _ _ _ _ _\npageobjects/LoginPage.py:43: in login\n    self.enter_username(username)\npageobjects/LoginPage.py:19: in enter_username\n    WebDriverWait(self.driver, 10).until(\n_ _ _ _ _ _ _ _ _ _ _ _ _ _ _ _ _ _ _ _ _ _ _ _ _ _ _ _ _ _ _ _ _ _ _ _ _ _ _ _ _ _ _ _ _ _ _ _ _ _ _ _ _ _ _ _ _ _ _ _ _ _ _ _ _ _ _ _ _ _ _ _ _ _\n\nself = <selenium.webdriver.support.wait.WebDriverWait (session=\"467ab2429efccd0c6b2246f6df8070e9\")>\nmethod = <function presence_of_element_located.<locals>._predicate at 0x104893880>, message = ''\n\n    def until(self, method: Callable[[D], Union[Literal[False], T]], message: str = \"\") -> T:\n        \"\"\"Wait until the method returns a value that is not False.\n    \n        Calls the method provided with the driver as an argument until the\n        return value does not evaluate to ``False``.\n    \n        Parameters:\n        -----------\n        method: callable(WebDriver)\n            - A callable object that takes a WebDriver instance as an argument.\n    \n        message: str\n            - Optional message for :exc:`TimeoutException`\n    \n        Return:\n        -------\n        object: T\n            - The result of the last call to `method`\n    \n        Raises:\n        -------\n        TimeoutException\n            - If 'method' does not return a truthy value within the WebDriverWait\n            object's timeout\n    \n        Example:\n        --------\n        >>> from selenium.webdriver.common.by import By\n        >>> from selenium.webdriver.support.ui import WebDriverWait\n        >>> from selenium.webdriver.support import expected_conditions as EC\n    \n        # Wait until an element is visible on the page\n        >>> wait = WebDriverWait(driver, 10)\n        >>> element = wait.until(EC.visibility_of_element_located((By.ID, \"exampleId\")))\n        >>> print(element.text)\n        \"\"\"\n        screen = None\n        stacktrace = None\n    \n        end_time = time.monotonic() + self._timeout\n        while True:\n            try:\n                value = method(self._driver)\n                if value:\n                    return value\n            except self._ignored_exceptions as exc:\n                screen = getattr(exc, \"screen\", None)\n                stacktrace = getattr(exc, \"stacktrace\", None)\n            if time.monotonic() > end_time:\n                break\n            time.sleep(self._poll)\n>       raise TimeoutException(message, screen, stacktrace)\nE       selenium.common.exceptions.TimeoutException: Message: \nE       Stacktrace:\nE       0   chromedriver                        0x00000001034caa54 cxxbridge1$str$ptr + 2803960\nE       1   chromedriver                        0x00000001034c2cf0 cxxbridge1$str$ptr + 2771860\nE       2   chromedriver                        0x000000010300e864 cxxbridge1$string$len + 93028\nE       3   chromedriver                        0x0000000103055410 cxxbridge1$string$len + 382736\nE       4   chromedriver                        0x0000000103096480 cxxbridge1$string$len + 649088\nE       5   chromedriver                        0x00000001030497ec cxxbridge1$string$len + 334572\nE       6   chromedriver                        0x000000010348fccc cxxbridge1$str$ptr + 2562928\nE       7   chromedriver                        0x0000000103492f98 cxxbridge1$str$ptr + 2575932\nE       8   chromedriver                        0x00000001034702c4 cxxbridge1$str$ptr + 2433384\nE       9   chromedriver                        0x0000000103493810 cxxbridge1$str$ptr + 2578100\nE       10  chromedriver                        0x00000001034612f0 cxxbridge1$str$ptr + 2371988\nE       11  chromedriver                        0x00000001034b357c cxxbridge1$str$ptr + 2708512\nE       12  chromedriver                        0x00000001034b3708 cxxbridge1$str$ptr + 2708908\nE       13  chromedriver                        0x00000001034c293c cxxbridge1$str$ptr + 2770912\nE       14  libsystem_pthread.dylib             0x0000000190d59c0c _pthread_start + 136\nE       15  libsystem_pthread.dylib             0x0000000190d54b80 thread_start + 8\n\n/Library/Frameworks/Python.framework/Versions/3.13/lib/python3.13/site-packages/selenium/webdriver/support/wait.py:146: TimeoutException\n\nDuring handling of the above exception, another exception occurred:\n\nself = <testcases.test_login.Test_001_Login object at 0x10478b4d0>\n\n    def test_invalid_password(self):\n        self.logger.info(\"********** Testing Invalid Password Login **********\")\n        self.lp = LoginPage(self.driver)\n        try:\n            self.lp.login(self.username, \"invalid_password\")\n            # Wait for error message\n            error_message = WebDriverWait(self.driver, 10).until(\n                EC.presence_of_element_located((By.XPATH, \"//*[@id='app']/div[1]/div/div[1]/div/div[2]/div[2]/div/div[1]/div[1]/p\"))\n            )\n            assert \"Invalid credentials\" in error_message.text\n            self.logger.info(\"Invalid password test PASSED\")\n    \n        except Exception as e:\n            self._handle_test_failure(\"invalid_password\", e)\n>           assert False\nE           assert False\n\ntestcases/test_login.py:48: AssertionError"}, "attachments": [{"name": "Failure Screenshot", "source": "839f7091-6559-4838-b6a3-81c66988e66c-attachment.png", "type": "image/png"}, {"name": "log", "source": "91ad8157-9de2-4444-8e96-827b2d2a70f1-attachment.txt", "type": "text/plain"}], "start": 1746531897036, "stop": 1746531907520, "uuid": "e768228f-8cb5-4187-93bf-b0237b9b0b93", "historyId": "aba918a04925777e096b92283807eaf8", "testCaseId": "aba918a04925777e096b92283807eaf8", "fullName": "testcases.test_login.Test_001_Login#test_invalid_password", "labels": [{"name": "tag", "value": "@pytest.mark.usefixtures('setup')"}, {"name": "parentSuite", "value": "testcases"}, {"name": "suite", "value": "test_login"}, {"name": "subSuite", "value": "Test_001_Login"}, {"name": "host", "value": "viveks-MacBook-Air-2.local"}, {"name": "thread", "value": "18546-MainThread"}, {"name": "framework", "value": "pytest"}, {"name": "language", "value": "cpython3"}, {"name": "package", "value": "testcases.test_login"}]}