{"name": "test_recruitement", "status": "broken", "statusDetails": {"message": "selenium.common.exceptions.TimeoutException: Message: \nStacktrace:\n0   chromedriver                        0x0000000100e32a54 cxxbridge1$str$ptr + 2803960\n1   chromedriver                        0x0000000100e2acf0 cxxbridge1$str$ptr + 2771860\n2   chromedriver                        0x0000000100976864 cxxbridge1$string$len + 93028\n3   chromedriver                        0x00000001009bd410 cxxbridge1$string$len + 382736\n4   chromedriver                        0x00000001009fe480 cxxbridge1$string$len + 649088\n5   chromedriver                        0x00000001009b17ec cxxbridge1$string$len + 334572\n6   chromedriver                        0x0000000100df7ccc cxxbridge1$str$ptr + 2562928\n7   chromedriver                        0x0000000100dfaf98 cxxbridge1$str$ptr + 2575932\n8   chromedriver                        0x0000000100dd82c4 cxxbridge1$str$ptr + 2433384\n9   chromedriver                        0x0000000100dfb810 cxxbridge1$str$ptr + 2578100\n10  chromedriver                        0x0000000100dc92f0 cxxbridge1$str$ptr + 2371988\n11  chromedriver                        0x0000000100e1b57c cxxbridge1$str$ptr + 2708512\n12  chromedriver                        0x0000000100e1b708 cxxbridge1$str$ptr + 2708908\n13  chromedriver                        0x0000000100e2a93c cxxbridge1$str$ptr + 2770912\n14  libsystem_pthread.dylib             0x0000000188605c0c _pthread_start + 136\n15  libsystem_pthread.dylib             0x0000000188600b80 thread_start + 8", "trace": "self = <testcases.test_recruitement.Test_005_Recruitement object at 0x1028b7890>\n\n    def test_recruitement(self):\n        self.driver.get(self.base_url)\n        self.r = Recruit(self.driver)\n    \n        # Login\n        self.r.enterUserName(self.username)\n        self.r.setPassword(self.password)\n        self.r.clickLogin()\n    \n        # Wait for dashboard to load\n        WebDriverWait(self.driver, 10).until(\n            EC.url_contains(\"dashboard\")\n        )\n    \n        # Navigate to Recruitment and Add Candidate\n>       self.r.clickrecruitment()\n\ntestcases/test_recruitement.py:35: \n_ _ _ _ _ _ _ _ _ _ _ _ _ _ _ _ _ _ _ _ _ _ _ _ _ _ _ _ _ _ _ _ _ _ _ _ _ _ _ _ _ _ _ _ _ _ _ _ _ _ _ _ _ _ _ _ _ _ _ _ _ _ _ _ _ _ _ _ _ _ _ _ _ _\npageobjects/Recruitment.py:42: in clickrecruitment\n    WebDriverWait(self.driver, 10).until(\n_ _ _ _ _ _ _ _ _ _ _ _ _ _ _ _ _ _ _ _ _ _ _ _ _ _ _ _ _ _ _ _ _ _ _ _ _ _ _ _ _ _ _ _ _ _ _ _ _ _ _ _ _ _ _ _ _ _ _ _ _ _ _ _ _ _ _ _ _ _ _ _ _ _\n\nself = <selenium.webdriver.support.wait.WebDriverWait (session=\"4e88d5adcf735e8174f17987e2545ac0\")>\nmethod = <function presence_of_element_located.<locals>._predicate at 0x102ba9300>, message = ''\n\n    def until(self, method: Callable[[D], Union[Literal[False], T]], message: str = \"\") -> T:\n        \"\"\"Wait until the method returns a value that is not False.\n    \n        Calls the method provided with the driver as an argument until the\n        return value does not evaluate to ``False``.\n    \n        Parameters:\n        -----------\n        method: callable(WebDriver)\n            - A callable object that takes a WebDriver instance as an argument.\n    \n        message: str\n            - Optional message for :exc:`TimeoutException`\n    \n        Return:\n        -------\n        object: T\n            - The result of the last call to `method`\n    \n        Raises:\n        -------\n        TimeoutException\n            - If 'method' does not return a truthy value within the WebDriverWait\n            object's timeout\n    \n        Example:\n        --------\n        >>> from selenium.webdriver.common.by import By\n        >>> from selenium.webdriver.support.ui import WebDriverWait\n        >>> from selenium.webdriver.support import expected_conditions as EC\n    \n        # Wait until an element is visible on the page\n        >>> wait = WebDriverWait(driver, 10)\n        >>> element = wait.until(EC.visibility_of_element_located((By.ID, \"exampleId\")))\n        >>> print(element.text)\n        \"\"\"\n        screen = None\n        stacktrace = None\n    \n        end_time = time.monotonic() + self._timeout\n        while True:\n            try:\n                value = method(self._driver)\n                if value:\n                    return value\n            except self._ignored_exceptions as exc:\n                screen = getattr(exc, \"screen\", None)\n                stacktrace = getattr(exc, \"stacktrace\", None)\n            if time.monotonic() > end_time:\n                break\n            time.sleep(self._poll)\n>       raise TimeoutException(message, screen, stacktrace)\nE       selenium.common.exceptions.TimeoutException: Message: \nE       Stacktrace:\nE       0   chromedriver                        0x0000000100e32a54 cxxbridge1$str$ptr + 2803960\nE       1   chromedriver                        0x0000000100e2acf0 cxxbridge1$str$ptr + 2771860\nE       2   chromedriver                        0x0000000100976864 cxxbridge1$string$len + 93028\nE       3   chromedriver                        0x00000001009bd410 cxxbridge1$string$len + 382736\nE       4   chromedriver                        0x00000001009fe480 cxxbridge1$string$len + 649088\nE       5   chromedriver                        0x00000001009b17ec cxxbridge1$string$len + 334572\nE       6   chromedriver                        0x0000000100df7ccc cxxbridge1$str$ptr + 2562928\nE       7   chromedriver                        0x0000000100dfaf98 cxxbridge1$str$ptr + 2575932\nE       8   chromedriver                        0x0000000100dd82c4 cxxbridge1$str$ptr + 2433384\nE       9   chromedriver                        0x0000000100dfb810 cxxbridge1$str$ptr + 2578100\nE       10  chromedriver                        0x0000000100dc92f0 cxxbridge1$str$ptr + 2371988\nE       11  chromedriver                        0x0000000100e1b57c cxxbridge1$str$ptr + 2708512\nE       12  chromedriver                        0x0000000100e1b708 cxxbridge1$str$ptr + 2708908\nE       13  chromedriver                        0x0000000100e2a93c cxxbridge1$str$ptr + 2770912\nE       14  libsystem_pthread.dylib             0x0000000188605c0c _pthread_start + 136\nE       15  libsystem_pthread.dylib             0x0000000188600b80 thread_start + 8\n\n/Library/Frameworks/Python.framework/Versions/3.13/lib/python3.13/site-packages/selenium/webdriver/support/wait.py:146: TimeoutException"}, "start": 1746552006582, "stop": 1746552023467, "uuid": "8b7f6c20-a451-48b7-8e52-b9b53fc4abe6", "historyId": "b8104e3791feac2369cb72987a9834f6", "testCaseId": "b8104e3791feac2369cb72987a9834f6", "fullName": "testcases.test_recruitement.Test_005_Recruitement#test_recruitement", "labels": [{"name": "tag", "value": "@pytest.mark.usefixtures('setup')"}, {"name": "parentSuite", "value": "testcases"}, {"name": "suite", "value": "test_recruitement"}, {"name": "subSuite", "value": "Test_005_Recruitement"}, {"name": "host", "value": "viveks-MacBook-Air-2.local"}, {"name": "thread", "value": "1727-MainThread"}, {"name": "framework", "value": "pytest"}, {"name": "language", "value": "cpython3"}, {"name": "package", "value": "testcases.test_recruitement"}]}