{"name": "test_pimuser", "status": "broken", "statusDetails": {"message": "selenium.common.exceptions.TimeoutException: Message: \nStacktrace:\n0   chromedriver                        0x0000000104a12a54 cxxbridge1$str$ptr + 2803960\n1   chromedriver                        0x0000000104a0acf0 cxxbridge1$str$ptr + 2771860\n2   chromedriver                        0x0000000104556864 cxxbridge1$string$len + 93028\n3   chromedriver                        0x000000010459d410 cxxbridge1$string$len + 382736\n4   chromedriver                        0x00000001045de480 cxxbridge1$string$len + 649088\n5   chromedriver                        0x00000001045917ec cxxbridge1$string$len + 334572\n6   chromedriver                        0x00000001049d7ccc cxxbridge1$str$ptr + 2562928\n7   chromedriver                        0x00000001049daf98 cxxbridge1$str$ptr + 2575932\n8   chromedriver                        0x00000001049b82c4 cxxbridge1$str$ptr + 2433384\n9   chromedriver                        0x00000001049db810 cxxbridge1$str$ptr + 2578100\n10  chromedriver                        0x00000001049a92f0 cxxbridge1$str$ptr + 2371988\n11  chromedriver                        0x00000001049fb57c cxxbridge1$str$ptr + 2708512\n12  chromedriver                        0x00000001049fb708 cxxbridge1$str$ptr + 2708908\n13  chromedriver                        0x0000000104a0a93c cxxbridge1$str$ptr + 2770912\n14  libsystem_pthread.dylib             0x0000000190d59c0c _pthread_start + 136\n15  libsystem_pthread.dylib             0x0000000190d54b80 thread_start + 8", "trace": "self = <testcases.test_pim.Test_003_Pim object at 0x104eef610>\n\n    def test_pimuser(self):\n        self.logger.info(\"========== Test_003_Pim STARTED ==========\")\n        self.driver.get(self.base_url)\n        self.logger.info(f\"Navigated to {self.base_url}\")\n    \n        self.pm = Pim(self.driver)\n        self.logger.info(\"Performing login...\")\n    \n        self.pm.enterUserName(self.username)\n        self.pm.setPassword(self.password)\n        self.pm.clickLogin()\n    \n        WebDriverWait(self.driver, 10).until(EC.url_contains(\"dashboard\"))\n        self.logger.info(\"Login successful. On Dashboard.\")\n    \n        self.logger.info(\"Navigating to PIM module to add user...\")\n        self.pm.clickpimbutton()\n>       self.pm.clickaddbutton()\n\ntestcases/test_pim.py:41: \n_ _ _ _ _ _ _ _ _ _ _ _ _ _ _ _ _ _ _ _ _ _ _ _ _ _ _ _ _ _ _ _ _ _ _ _ _ _ _ _ _ _ _ _ _ _ _ _ _ _ _ _ _ _ _ _ _ _ _ _ _ _ _ _ _ _ _ _ _ _ _ _ _ _\npageobjects/PimPage.py:47: in clickaddbutton\n    WebDriverWait(self.driver, 10).until(\n_ _ _ _ _ _ _ _ _ _ _ _ _ _ _ _ _ _ _ _ _ _ _ _ _ _ _ _ _ _ _ _ _ _ _ _ _ _ _ _ _ _ _ _ _ _ _ _ _ _ _ _ _ _ _ _ _ _ _ _ _ _ _ _ _ _ _ _ _ _ _ _ _ _\n\nself = <selenium.webdriver.support.wait.WebDriverWait (session=\"0b0f33488c1dcadee5451344970671da\")>\nmethod = <function presence_of_element_located.<locals>._predicate at 0x105075c60>, message = ''\n\n    def until(self, method: Callable[[D], Union[Literal[False], T]], message: str = \"\") -> T:\n        \"\"\"Wait until the method returns a value that is not False.\n    \n        Calls the method provided with the driver as an argument until the\n        return value does not evaluate to ``False``.\n    \n        Parameters:\n        -----------\n        method: callable(WebDriver)\n            - A callable object that takes a WebDriver instance as an argument.\n    \n        message: str\n            - Optional message for :exc:`TimeoutException`\n    \n        Return:\n        -------\n        object: T\n            - The result of the last call to `method`\n    \n        Raises:\n        -------\n        TimeoutException\n            - If 'method' does not return a truthy value within the WebDriverWait\n            object's timeout\n    \n        Example:\n        --------\n        >>> from selenium.webdriver.common.by import By\n        >>> from selenium.webdriver.support.ui import WebDriverWait\n        >>> from selenium.webdriver.support import expected_conditions as EC\n    \n        # Wait until an element is visible on the page\n        >>> wait = WebDriverWait(driver, 10)\n        >>> element = wait.until(EC.visibility_of_element_located((By.ID, \"exampleId\")))\n        >>> print(element.text)\n        \"\"\"\n        screen = None\n        stacktrace = None\n    \n        end_time = time.monotonic() + self._timeout\n        while True:\n            try:\n                value = method(self._driver)\n                if value:\n                    return value\n            except self._ignored_exceptions as exc:\n                screen = getattr(exc, \"screen\", None)\n                stacktrace = getattr(exc, \"stacktrace\", None)\n            if time.monotonic() > end_time:\n                break\n            time.sleep(self._poll)\n>       raise TimeoutException(message, screen, stacktrace)\nE       selenium.common.exceptions.TimeoutException: Message: \nE       Stacktrace:\nE       0   chromedriver                        0x0000000104a12a54 cxxbridge1$str$ptr + 2803960\nE       1   chromedriver                        0x0000000104a0acf0 cxxbridge1$str$ptr + 2771860\nE       2   chromedriver                        0x0000000104556864 cxxbridge1$string$len + 93028\nE       3   chromedriver                        0x000000010459d410 cxxbridge1$string$len + 382736\nE       4   chromedriver                        0x00000001045de480 cxxbridge1$string$len + 649088\nE       5   chromedriver                        0x00000001045917ec cxxbridge1$string$len + 334572\nE       6   chromedriver                        0x00000001049d7ccc cxxbridge1$str$ptr + 2562928\nE       7   chromedriver                        0x00000001049daf98 cxxbridge1$str$ptr + 2575932\nE       8   chromedriver                        0x00000001049b82c4 cxxbridge1$str$ptr + 2433384\nE       9   chromedriver                        0x00000001049db810 cxxbridge1$str$ptr + 2578100\nE       10  chromedriver                        0x00000001049a92f0 cxxbridge1$str$ptr + 2371988\nE       11  chromedriver                        0x00000001049fb57c cxxbridge1$str$ptr + 2708512\nE       12  chromedriver                        0x00000001049fb708 cxxbridge1$str$ptr + 2708908\nE       13  chromedriver                        0x0000000104a0a93c cxxbridge1$str$ptr + 2770912\nE       14  libsystem_pthread.dylib             0x0000000190d59c0c _pthread_start + 136\nE       15  libsystem_pthread.dylib             0x0000000190d54b80 thread_start + 8\n\n/Library/Frameworks/Python.framework/Versions/3.13/lib/python3.13/site-packages/selenium/webdriver/support/wait.py:146: TimeoutException"}, "attachments": [{"name": "Failure Screenshot", "source": "c5e4c7b2-e84a-4129-b86b-4428382bef46-attachment.png", "type": "image/png"}, {"name": "log", "source": "eed059fb-8cce-42f8-86f9-730283ef2b42-attachment.txt", "type": "text/plain"}], "start": 1746530974716, "stop": 1746530998259, "uuid": "897e0e39-748f-401b-806f-d956e87a1522", "historyId": "9dbf296c4802f6a4c12ffd461fd5db82", "testCaseId": "9dbf296c4802f6a4c12ffd461fd5db82", "fullName": "testcases.test_pim.Test_003_Pim#test_pimuser", "labels": [{"name": "tag", "value": "@pytest.mark.usefixtures('setup')"}, {"name": "parentSuite", "value": "testcases"}, {"name": "suite", "value": "test_pim"}, {"name": "subSuite", "value": "Test_003_Pim"}, {"name": "host", "value": "viveks-MacBook-Air-2.local"}, {"name": "thread", "value": "17821-MainThread"}, {"name": "framework", "value": "pytest"}, {"name": "language", "value": "cpython3"}, {"name": "package", "value": "testcases.test_pim"}]}